Erreur de connexion PDO : SQLSTATE[HY000] [1045] Accès refusé pour l'utilisateur: 'korbens'@'@localhost' (mot de passe: OUI)
Erreur de connexion PDO : SQLSTATE[HY000] [1045] Accès refusé pour l'utilisateur: 'korbens'@'@localhost' (mot de passe: OUI)
Erreur de connexion PDO : SQLSTATE[HY000] [1045] Accès refusé pour l'utilisateur: 'korbens'@'@localhost' (mot de passe: OUI)
Erreur de connexion PDO : SQLSTATE[HY000] [1045] Accès refusé pour l'utilisateur: 'korbens'@'@localhost' (mot de passe: OUI)
Erreur de connexion PDO : SQLSTATE[HY000] [1045] Accès refusé pour l'utilisateur: 'korbens'@'@localhost' (mot de passe: OUI)
Erreur de connexion PDO : SQLSTATE[HY000] [1045] Accès refusé pour l'utilisateur: 'korbens'@'@localhost' (mot de passe: OUI)
2023-10-19 07:29:47 - Erreur de connexion PDO : SQLSTATE[HY000] [1045] Accès refusé pour l'utilisateur: 'korbens'@'@localhost' (mot de passe: OUI)
2023-10-19 07:35:30 - Erreur de connexion PDO : SQLSTATE[HY000] [1045] Accès refusé pour l'utilisateur: 'korbens'@'@localhost' (mot de passe: OUI)
Erreur dans DaoAppli : Erreur PDO dans getAdminByNom : SQLSTATE[42S22]: Column not found: 1054 Champ 'noam' inconnu dans field list
Erreur dans DaoAppli : Erreur PDO dans getAdminByNom : SQLSTATE[42S22]: Column not found: 1054 Champ 'noam' inconnu dans field list
2023-10-19 07:38:02 - Erreur dans DaoAppli : Erreur PDO dans getAdminByNom : SQLSTATE[42S22]: Column not found: 1054 Champ 'noam' inconnu dans field list
2023-10-19 07:38:04 - Erreur dans DaoAppli : Erreur PDO dans getAdminByNom : SQLSTATE[42S22]: Column not found: 1054 Champ 'noam' inconnu dans field list
2023-10-19 07:49:18 - Erreur dans DaoAppli : Échec de la connexion utilisateur : identifiants incorrects
2023-10-19 07:50:46 - Erreur dans DaoAppli : Échec de la connexion utilisateur : identifiants incorrects
2023-10-19 07:50:48 - Erreur dans DaoAppli : Échec de la connexion utilisateur : identifiants incorrects
2023-10-19 07:50:50 - Erreur dans DaoAppli : Échec de la connexion utilisateur : identifiants incorrects
2023-10-19 07:50:56 - Erreur dans DaoAppli : Échec de la connexion utilisateur : identifiants incorrects
2023-10-19 07:51:47 - Erreur dans DaoAppli : Échec de la connexion utilisateur : identifiants incorrects
2023-10-19 07:51:50 - Erreur dans DaoAppli : Échec de la connexion utilisateur : identifiants incorrects
2023-10-19 07:51:55 - Erreur dans DaoAppli : Échec de la connexion utilisateur : identifiants incorrects
2023-10-19 07:52:06 - Erreur dans DaoAppli : Échec de la connexion utilisateur : identifiants incorrects
2023-10-19 07:52:19 - Erreur dans DaoAppli : Échec de la connexion utilisateur : identifiants incorrects
2023-10-19 07:55:10 - Erreur dans DaoAppli : Erreur PDO dans modifBackgroundTitre : SQLSTATE[42S22]: Column not found: 1054 Champ 'taitre' inconnu dans field list
2023-10-19 07:55:30 - Erreur dans DaoAppli : Erreur PDO dans modifBackgroundTitre : SQLSTATE[42S22]: Column not found: 1054 Champ 'taitre' inconnu dans field list
2023-10-19 07:56:53 - Erreur dans DaoAppli : Erreur PDO dans modifBackgroundTitre : SQLSTATE[HY093]: Invalid parameter number: parameter was not defined
2023-10-19 07:57:29 - Erreur dans DaoAppli : Erreur PDO dans modifBackgroundTitre : SQLSTATE[42S22]: Column not found: 1054 Champ 'abkgd_color' inconnu dans field list
2023-10-19 08:03:25 - Erreur dans DaoAppli : Erreur PDO dans modifierImage : SQLSTATE[42S22]: Column not found: 1054 Champ 'anom_image' inconnu dans field list
2023-10-19 09:17:09 - Erreur dans DaoAppli : Erreur PDO dans modifierImage (C:\Users\TORTOSA\Desktop\decaroliMAJV2\src\dao\DaoAppli.php) : SQLSTATE[42S22]: Column not found: 1054 Champ 'anom_image' inconnu dans field list
2023-10-19 09:19:15 - Erreur dans DaoAppli : Erreur PDO dans modifierImage (C:\Users\TORTOSA\Desktop\decaroliMAJV2\src\dao\DaoAppli.php) : SQLSTATE[42S22]: Column not found: 1054 Champ 'anom_image' inconnu dans field list
2023-10-19 09:23:44 - Erreur dans DaoAppli : Erreur PDO dans modifierImage (C:\Users\TORTOSA\Desktop\decaroliMAJV2\src\dao\DaoAppli.php) : SQLSTATE[42S22]: Column not found: 1054 Champ 'aanom_image' inconnu dans field list . __FILE__ .  
2023-10-19 09:24:31 - Erreur dans DaoAppli : Erreur PDO dans modifierImage (C:\Users\TORTOSA\Desktop\decaroliMAJV2\src\dao\DaoAppli.php) : SQLSTATE[42S22]: Column not found: 1054 Champ 'aanom_image' inconnu dans field listC:\Users\TORTOSA\Desktop\decaroliMAJV2\src\dao\DaoAppli.php
2023-10-19 09:25:42 - Erreur dans DaoAppli : Erreur PDO dans modifierImage (C:\Users\TORTOSA\Desktop\decaroliMAJV2\src\dao\DaoAppli.php) : SQLSTATE[42S22]: Column not found: 1054 Champ 'aanom_image' inconnu dans field list C:\Users\TORTOSA\Desktop\decaroliMAJV2\src\dao\DaoAppli.php
2023-10-19 09:27:27 - Erreur dans DaoAppli : Erreur PDO dans modifierImage  : SQLSTATE[42S22]: Column not found: 1054 Champ 'aanom_image' inconnu dans field list C:\Users\TORTOSA\Desktop\decaroliMAJV2\src\dao\DaoAppli.php
2023-10-19 09:28:36 C:\Users\TORTOSA\Desktop\decaroliMAJV2\src\dao\DaoAppli.php - Erreur dans DaoAppli : Erreur PDO dans modifierImage  : SQLSTATE[42S22]: Column not found: 1054 Champ 'aanom_image' inconnu dans field list
2023-10-19 09:29:36 C:\Users\TORTOSA\Desktop\decaroliMAJV2\src\dao\DaoAppli.php - Erreur dans DaoAppli : Erreur PDO dans modifBackgroundTitre  : SQLSTATE[42S22]: Column not found: 1054 Champ '2bkgd_color' inconnu dans field list
2023-10-19 09:32:11 C:\Users\TORTOSA\Desktop\decaroliMAJV2\src\dao\Db.php - Erreur de connexion PDO : SQLSTATE[HY000] [1045] Accès refusé pour l'utilisateur: 'korbens'@'@localhost' (mot de passe: OUI)
2023-10-19 09:50:12 C:\Users\TORTOSA\Desktop\decaroliMAJV2\src\dao\Db.php - Erreur de connexion PDO : SQLSTATE[HY000] [1045] Accès refusé pour l'utilisateur: 'korbens'@'@localhost' (mot de passe: OUI)
2023-10-19 09:59:27 C:\Users\TORTOSA\Desktop\decaroliMAJV2\src\dao\Db.php - PDO Exception: SQLSTATE[HY000] [1045] Accès refusé pour l'utilisateur: 'korbens'@'@localhost' (mot de passe: OUI)
2023-10-19 09:59:31 C:\Users\TORTOSA\Desktop\decaroliMAJV2\src\dao\Db.php - PDO Exception: SQLSTATE[HY000] [1045] Accès refusé pour l'utilisateur: 'korbens'@'@localhost' (mot de passe: OUI)
2023-10-19 09:59:35 C:\Users\TORTOSA\Desktop\decaroliMAJV2\src\dao\Db.php - PDO Exception: SQLSTATE[HY000] [1045] Accès refusé pour l'utilisateur: 'korbens'@'@localhost' (mot de passe: OUI)
2023-10-19 09:59:35 C:\Users\TORTOSA\Desktop\decaroliMAJV2\src\dao\Db.php - PDO Exception: SQLSTATE[HY000] [1045] Accès refusé pour l'utilisateur: 'korbens'@'@localhost' (mot de passe: OUI)
2023-10-19 11:09:08 C:\Users\TORTOSA\Desktop\decaroliMAJV2\src\dao\Db.php - Erreur de connexion PDO : SQLSTATE[HY000] [1045] Accès refusé pour l'utilisateur: 'korbens'@'@localhost' (mot de passe: OUI)
2023-10-19 11:09:40 C:\Users\TORTOSA\Desktop\decaroliMAJV2\src\dao\DaoAppli.php - Erreur dans DaoAppli : Échec de la connexion utilisateur : identifiants incorrects
2023-10-19 11:10:38 C:\Users\TORTOSA\Desktop\decaroliMAJV2\src\dao\DaoAppli.php - Erreur dans DaoAppli : Échec de la connexion utilisateur : identifiants incorrects
2023-10-19 11:10:48 C:\Users\TORTOSA\Desktop\decaroliMAJV2\src\dao\DaoAppli.php - Erreur dans DaoAppli : Échec de la connexion utilisateur : identifiants incorrects
2023-10-19 11:11:39 C:\Users\TORTOSA\Desktop\decaroliMAJV2\src\dao\DaoAppli.php - Erreur dans DaoAppli : Erreur PDO dans modifBackgroundTitre  : SQLSTATE[42S22]: Column not found: 1054 Champ 'abkgd_color' inconnu dans field list
2023-10-19 11:13:12 C:\Users\TORTOSA\Desktop\decaroliMAJV2\src\dao\DaoAppli.php - Erreur dans DaoAppli : Échec de la connexion utilisateur : identifiants incorrects
2023-10-19 11:13:14 C:\Users\TORTOSA\Desktop\decaroliMAJV2\src\dao\DaoAppli.php - Erreur dans DaoAppli : Échec de la connexion utilisateur : identifiants incorrects
2023-10-19 11:13:19 C:\Users\TORTOSA\Desktop\decaroliMAJV2\src\dao\DaoAppli.php - Erreur dans DaoAppli : Échec de la connexion utilisateur : identifiants incorrects
2023-10-19 11:13:22 C:\Users\TORTOSA\Desktop\decaroliMAJV2\src\dao\DaoAppli.php - Erreur dans DaoAppli : Échec de la connexion utilisateur : identifiants incorrects
2023-10-19 11:13:40 C:\Users\TORTOSA\Desktop\decaroliMAJV2\src\dao\DaoAppli.php - Erreur dans DaoAppli : Échec de la connexion utilisateur : identifiants incorrects
2023-10-19 11:16:13 C:\Users\TORTOSA\Desktop\decaroliMAJV2\src\dao\DaoAppli.php - Erreur dans DaoAppli : Échec de la connexion utilisateur : identifiants incorrects
2023-10-19 11:16:34 C:\Users\TORTOSA\Desktop\decaroliMAJV2\src\dao\DaoAppli.php - Erreur dans DaoAppli : Échec de la connexion utilisateur : identifiants incorrects
2023-10-19 11:16:55 C:\Users\TORTOSA\Desktop\decaroliMAJV2\src\dao\DaoAppli.php - Erreur dans DaoAppli : Échec de la connexion utilisateur : identifiants incorrects
2023-10-19 11:17:24 C:\Users\TORTOSA\Desktop\decaroliMAJV2\src\dao\DaoAppli.php - Erreur dans DaoAppli : Échec de la connexion utilisateur : identifiants incorrects
2023-10-19 11:17:49 C:\Users\TORTOSA\Desktop\decaroliMAJV2\src\dao\DaoAppli.php - Erreur dans DaoAppli : Échec de la connexion utilisateur : identifiants incorrects
2023-10-19 12:48:11 C:\Users\TORTOSA\Desktop\decaroliMAJV2\src\dao\Db.php - Erreur de connexion PDO : SQLSTATE[HY000] [1045] Accès refusé pour l'utilisateur: 'korbens'@'@localhost' (mot de passe: OUI)
2023-10-19 14:49:31 C:\Users\TORTOSA\Desktop\decaroliMAJV2\src\dao\Db.php - Erreur de connexion PDO : SQLSTATE[HY000] [1045] Accès refusé pour l'utilisateur: 'korbens'@'@localhost' (mot de passe: OUI)
19-10-2023 14:51:49 C:\Users\TORTOSA\Desktop\decaroliMAJV2\src\dao\Db.php - Erreur de connexion PDO : SQLSTATE[HY000] [1045] Accès refusé pour l'utilisateur: 'korbens'@'@localhost' (mot de passe: OUI)
19-10-2023 15:33:57 C:\Users\TORTOSA\Desktop\decaroliMAJV2\src\dao\DaoAppli.php - Erreur dans DaoAppli : Échec de la connexion utilisateur : identifiants incorrects
19-10-2023 15:34:31 C:\Users\TORTOSA\Desktop\decaroliMAJV2\src\dao\DaoAppli.php - Erreur dans DaoAppli : Échec de la connexion utilisateur : identifiants incorrects
19-10-2023 16:39:14 C:\Users\TORTOSA\Desktop\decaroliMAJV2\src\dao\DaoAppli.php - Erreur dans DaoAppli : Échec de la connexion utilisateur : identifiants incorrects
19-10-2023 16:39:39 C:\Users\TORTOSA\Desktop\decaroliMAJV2\src\dao\DaoAppli.php - Erreur dans DaoAppli : Échec de la connexion utilisateur : identifiants incorrects
19-10-2023 16:48:17 C:\Users\TORTOSA\Desktop\decaroliMAJV2\src\dao\DaoAppli.php - Erreur dans DaoAppli : Échec de la connexion utilisateur : identifiants incorrects
19-10-2023 16:48:33 C:\Users\TORTOSA\Desktop\decaroliMAJV2\src\dao\DaoAppli.php - Erreur dans DaoAppli : Échec de la connexion utilisateur : identifiants incorrects
19-10-2023 17:01:38 C:\Users\TORTOSA\Desktop\decaroliMAJV2\src\dao\DaoAppli.php - Erreur dans DaoAppli : Échec de la connexion utilisateur : identifiants incorrects
19-10-2023 21:16:06 C:\Users\TORTOSA\Desktop\decaroliMAJV2\src\dao\DaoAppli.php - Erreur dans DaoAppli : Échec de la connexion utilisateur : identifiants incorrects
19-10-2023 21:16:39 C:\Users\TORTOSA\Desktop\decaroliMAJV2\src\dao\DaoAppli.php - Erreur dans DaoAppli : Échec de la connexion utilisateur : identifiants incorrects
19-10-2023 21:29:43 C:\Users\TORTOSA\Desktop\decaroliMAJV2\src\dao\DaoAppli.php - Erreur dans DaoAppli : Échec de la connexion utilisateur : identifiants incorrects
19-10-2023 21:29:53 C:\Users\TORTOSA\Desktop\decaroliMAJV2\src\dao\DaoAppli.php - Erreur dans DaoAppli : Échec de la connexion utilisateur : identifiants incorrects
19-10-2023 21:32:25 C:\Users\TORTOSA\Desktop\decaroliMAJV2\src\dao\DaoAppli.php - Erreur dans DaoAppli : Échec de la connexion utilisateur : identifiants incorrects
19-10-2023 21:32:49 C:\Users\TORTOSA\Desktop\decaroliMAJV2\src\dao\DaoAppli.php - Erreur dans DaoAppli : Échec de la connexion utilisateur : identifiants incorrects
19-10-2023 21:33:00 C:\Users\TORTOSA\Desktop\decaroliMAJV2\src\dao\DaoAppli.php - Erreur dans DaoAppli : Échec de la connexion utilisateur : identifiants incorrects
19-10-2023 21:47:25 C:\Users\TORTOSA\Desktop\decaroliMAJV2\src\dao\DaoAppli.php - Erreur dans DaoAppli : Échec de la connexion utilisateur : identifiants incorrects
19-10-2023 21:49:12 C:\Users\TORTOSA\Desktop\decaroliMAJV2\src\dao\DaoAppli.php - Erreur dans DaoAppli : Échec de la connexion utilisateur : identifiants incorrects
19-10-2023 21:51:30 C:\Users\TORTOSA\Desktop\decaroliMAJV2\src\dao\DaoAppli.php - Erreur dans DaoAppli : Échec de la connexion utilisateur : identifiants incorrects
19-10-2023 21:52:20 C:\Users\TORTOSA\Desktop\decaroliMAJV2\src\dao\DaoAppli.php - Erreur dans DaoAppli : Échec de la connexion utilisateur : identifiants incorrects
19-10-2023 21:53:00 C:\Users\TORTOSA\Desktop\decaroliMAJV2\src\dao\DaoAppli.php - Erreur dans DaoAppli : Échec de la connexion utilisateur : identifiants incorrects
19-10-2023 21:53:13 C:\Users\TORTOSA\Desktop\decaroliMAJV2\src\dao\DaoAppli.php - Erreur dans DaoAppli : Échec de la connexion utilisateur : identifiants incorrects
19-10-2023 21:56:12 C:\Users\TORTOSA\Desktop\decaroliMAJV2\src\dao\DaoAppli.php - Erreur dans DaoAppli : Échec de la connexion utilisateur : identifiants incorrects
19-10-2023 21:57:23 C:\Users\TORTOSA\Desktop\decaroliMAJV2\src\dao\DaoAppli.php - Erreur dans DaoAppli : Échec de la connexion utilisateur : identifiants incorrects
19-10-2023 21:59:43 C:\Users\TORTOSA\Desktop\decaroliMAJV2\src\dao\DaoAppli.php - Erreur dans DaoAppli : Échec de la connexion utilisateur : identifiants incorrects
19-10-2023 22:00:59 C:\Users\TORTOSA\Desktop\decaroliMAJV2\src\dao\DaoAppli.php - Erreur dans DaoAppli : Échec de la connexion utilisateur : identifiants incorrects
19-10-2023 22:01:13 C:\Users\TORTOSA\Desktop\decaroliMAJV2\src\dao\DaoAppli.php - Erreur dans DaoAppli : Échec de la connexion utilisateur : identifiants incorrects
19-10-2023 22:01:19 C:\Users\TORTOSA\Desktop\decaroliMAJV2\src\dao\DaoAppli.php - Erreur dans DaoAppli : Échec de la connexion utilisateur : identifiants incorrects
19-10-2023 22:06:07 C:\Users\TORTOSA\Desktop\decaroliMAJV2\src\dao\DaoAppli.php - Erreur dans DaoAppli : Échec de la connexion utilisateur : identifiants incorrects
19-10-2023 22:06:29 C:\Users\TORTOSA\Desktop\decaroliMAJV2\src\dao\DaoAppli.php - Erreur dans DaoAppli : Échec de la connexion utilisateur : identifiants incorrects
19-10-2023 22:07:13 C:\Users\TORTOSA\Desktop\decaroliMAJV2\src\dao\DaoAppli.php - Erreur dans DaoAppli : Échec de la connexion utilisateur : identifiants incorrects
19-10-2023 22:07:47 C:\Users\TORTOSA\Desktop\decaroliMAJV2\src\dao\DaoAppli.php - Erreur dans DaoAppli : Échec de la connexion utilisateur : identifiants incorrects
19-10-2023 22:08:31 C:\Users\TORTOSA\Desktop\decaroliMAJV2\src\dao\DaoAppli.php - Erreur dans DaoAppli : Échec de la connexion utilisateur : identifiants incorrects
19-10-2023 22:09:12 C:\Users\TORTOSA\Desktop\decaroliMAJV2\src\dao\DaoAppli.php - Erreur dans DaoAppli : Échec de la connexion utilisateur : identifiants incorrects
19-10-2023 22:09:31 C:\Users\TORTOSA\Desktop\decaroliMAJV2\src\dao\DaoAppli.php - Erreur dans DaoAppli : Échec de la connexion utilisateur : identifiants incorrects
19-10-2023 22:10:03 C:\Users\TORTOSA\Desktop\decaroliMAJV2\src\dao\DaoAppli.php - Erreur dans DaoAppli : Échec de la connexion utilisateur : identifiants incorrects
19-10-2023 22:11:40 C:\Users\TORTOSA\Desktop\decaroliMAJV2\src\dao\DaoAppli.php - Erreur dans DaoAppli : Échec de la connexion utilisateur : identifiants incorrects
19-10-2023 22:11:43 C:\Users\TORTOSA\Desktop\decaroliMAJV2\src\dao\DaoAppli.php - Erreur dans DaoAppli : Échec de la connexion utilisateur : identifiants incorrects
19-10-2023 22:12:32 C:\Users\TORTOSA\Desktop\decaroliMAJV2\src\dao\DaoAppli.php - Erreur dans DaoAppli : Échec de la connexion utilisateur : identifiants incorrects
19-10-2023 22:13:22 C:\Users\TORTOSA\Desktop\decaroliMAJV2\src\dao\DaoAppli.php - Erreur dans DaoAppli : Échec de la connexion utilisateur : identifiants incorrects
19-10-2023 22:13:28 C:\Users\TORTOSA\Desktop\decaroliMAJV2\src\dao\DaoAppli.php - Erreur dans DaoAppli : Échec de la connexion utilisateur : identifiants incorrects
19-10-2023 22:15:58 C:\Users\TORTOSA\Desktop\decaroliMAJV2\src\dao\DaoAppli.php - Erreur dans DaoAppli : Échec de la connexion utilisateur : identifiants incorrects
19-10-2023 22:16:05 C:\Users\TORTOSA\Desktop\decaroliMAJV2\src\dao\DaoAppli.php - Erreur dans DaoAppli : Échec de la connexion utilisateur : identifiants incorrects
19-10-2023 22:16:13 C:\Users\TORTOSA\Desktop\decaroliMAJV2\src\dao\DaoAppli.php - Erreur dans DaoAppli : Échec de la connexion utilisateur : identifiants incorrects
19-10-2023 22:21:31 C:\Users\TORTOSA\Desktop\decaroliMAJV2\src\dao\DaoAppli.php - Erreur dans DaoAppli : Échec de la connexion utilisateur : identifiants incorrects
19-10-2023 22:22:06 C:\Users\TORTOSA\Desktop\decaroliMAJV2\src\dao\DaoAppli.php - Erreur dans DaoAppli : Échec de la connexion utilisateur : identifiants incorrects
19-10-2023 22:22:44 C:\Users\TORTOSA\Desktop\decaroliMAJV2\src\dao\DaoAppli.php - Erreur dans DaoAppli : Échec de la connexion utilisateur : identifiants incorrects
19-10-2023 22:25:58 C:\Users\TORTOSA\Desktop\decaroliMAJV2\src\dao\DaoAppli.php - Erreur dans DaoAppli : Échec de la connexion utilisateur : identifiants incorrects
19-10-2023 22:27:30 C:\Users\TORTOSA\Desktop\decaroliMAJV2\src\dao\DaoAppli.php - Erreur dans DaoAppli : Échec de la connexion utilisateur : identifiants incorrects
19-10-2023 22:28:22 C:\Users\TORTOSA\Desktop\decaroliMAJV2\src\dao\DaoAppli.php - Erreur dans DaoAppli : Échec de la connexion utilisateur : identifiants incorrects
19-10-2023 22:31:30 C:\Users\TORTOSA\Desktop\decaroliMAJV2\src\dao\DaoAppli.php - Erreur dans DaoAppli : Échec de la connexion utilisateur : identifiants incorrects
19-10-2023 22:31:49 C:\Users\TORTOSA\Desktop\decaroliMAJV2\src\dao\DaoAppli.php - Erreur dans DaoAppli : Échec de la connexion utilisateur : identifiants incorrects
19-10-2023 22:31:53 C:\Users\TORTOSA\Desktop\decaroliMAJV2\src\dao\DaoAppli.php - Erreur dans DaoAppli : Échec de la connexion utilisateur : identifiants incorrects
19-10-2023 22:32:45 C:\Users\TORTOSA\Desktop\decaroliMAJV2\src\dao\DaoAppli.php - Erreur dans DaoAppli : Échec de la connexion utilisateur : identifiants incorrects
19-10-2023 22:33:02 C:\Users\TORTOSA\Desktop\decaroliMAJV2\src\dao\DaoAppli.php - Erreur dans DaoAppli : Échec de la connexion utilisateur : identifiants incorrects
19-10-2023 22:35:41 C:\Users\TORTOSA\Desktop\decaroliMAJV2\src\dao\DaoAppli.php - Erreur dans DaoAppli : Échec de la connexion utilisateur : identifiants incorrects
19-10-2023 22:36:21 C:\Users\TORTOSA\Desktop\decaroliMAJV2\src\dao\DaoAppli.php - Erreur dans DaoAppli : Échec de la connexion utilisateur : identifiants incorrects
19-10-2023 22:37:29 C:\Users\TORTOSA\Desktop\decaroliMAJV2\src\dao\DaoAppli.php - Erreur dans DaoAppli : Échec de la connexion utilisateur : identifiants incorrects
19-10-2023 22:51:26 C:\Users\TORTOSA\Desktop\decaroliMAJV2\src\dao\DaoAppli.php - Erreur dans DaoAppli : Échec de la connexion utilisateur : identifiants incorrects
19-10-2023 22:56:31 C:\Users\TORTOSA\Desktop\decaroliMAJV2\src\dao\DaoAppli.php - Erreur dans DaoAppli : Échec de la connexion utilisateur : identifiants incorrects
19-10-2023 22:58:52 C:\Users\TORTOSA\Desktop\decaroliMAJV2\src\dao\DaoAppli.php - Erreur dans DaoAppli : Échec de la connexion utilisateur : identifiants incorrects
19-10-2023 23:02:58 C:\Users\TORTOSA\Desktop\decaroliMAJV2\src\dao\DaoAppli.php - Erreur dans DaoAppli : Échec de la connexion utilisateur : identifiants incorrects
19-10-2023 23:03:42 C:\Users\TORTOSA\Desktop\decaroliMAJV2\src\dao\DaoAppli.php - Erreur dans DaoAppli : Échec de la connexion utilisateur : identifiants incorrects
19-10-2023 23:04:14 C:\Users\TORTOSA\Desktop\decaroliMAJV2\src\dao\DaoAppli.php - Erreur dans DaoAppli : Échec de la connexion utilisateur : identifiants incorrects
19-10-2023 23:04:21 C:\Users\TORTOSA\Desktop\decaroliMAJV2\src\dao\DaoAppli.php - Erreur dans DaoAppli : Échec de la connexion utilisateur : identifiants incorrects
19-10-2023 23:04:58 C:\Users\TORTOSA\Desktop\decaroliMAJV2\src\dao\DaoAppli.php - Erreur dans DaoAppli : Échec de la connexion utilisateur : identifiants incorrects
19-10-2023 23:05:03 C:\Users\TORTOSA\Desktop\decaroliMAJV2\src\dao\DaoAppli.php - Erreur dans DaoAppli : Échec de la connexion utilisateur : identifiants incorrects
19-10-2023 23:05:33 C:\Users\TORTOSA\Desktop\decaroliMAJV2\src\dao\DaoAppli.php - Erreur dans DaoAppli : Échec de la connexion utilisateur : identifiants incorrects
19-10-2023 23:05:55 C:\Users\TORTOSA\Desktop\decaroliMAJV2\src\dao\DaoAppli.php - Erreur dans DaoAppli : Échec de la connexion utilisateur : identifiants incorrects
19-10-2023 23:05:58 C:\Users\TORTOSA\Desktop\decaroliMAJV2\src\dao\DaoAppli.php - Erreur dans DaoAppli : Échec de la connexion utilisateur : identifiants incorrects
19-10-2023 23:06:01 C:\Users\TORTOSA\Desktop\decaroliMAJV2\src\dao\DaoAppli.php - Erreur dans DaoAppli : Échec de la connexion utilisateur : identifiants incorrects
19-10-2023 23:07:39 C:\Users\TORTOSA\Desktop\decaroliMAJV2\src\dao\DaoAppli.php - Erreur dans DaoAppli : Échec de la connexion utilisateur : identifiants incorrects
19-10-2023 23:07:54 C:\Users\TORTOSA\Desktop\decaroliMAJV2\src\dao\DaoAppli.php - Erreur dans DaoAppli : Échec de la connexion utilisateur : identifiants incorrects
19-10-2023 23:08:09 C:\Users\TORTOSA\Desktop\decaroliMAJV2\src\dao\DaoAppli.php - Erreur dans DaoAppli : Échec de la connexion utilisateur : identifiants incorrects
19-10-2023 23:09:02 C:\Users\TORTOSA\Desktop\decaroliMAJV2\src\dao\DaoAppli.php - Erreur dans DaoAppli : Échec de la connexion utilisateur : identifiants incorrects
19-10-2023 23:09:07 C:\Users\TORTOSA\Desktop\decaroliMAJV2\src\dao\DaoAppli.php - Erreur dans DaoAppli : Échec de la connexion utilisateur : identifiants incorrects
19-10-2023 23:09:54 C:\Users\TORTOSA\Desktop\decaroliMAJV2\src\dao\DaoAppli.php - Erreur dans DaoAppli : Échec de la connexion utilisateur : identifiants incorrects
19-10-2023 23:10:08 C:\Users\TORTOSA\Desktop\decaroliMAJV2\src\dao\DaoAppli.php - Erreur dans DaoAppli : Échec de la connexion utilisateur : identifiants incorrects
20-10-2023 09:30:33 C:\Users\TORTOSA\Desktop\decaroliMAJV2\src\dao\DaoAppli.php - Erreur dans DaoAppli : Échec de la connexion utilisateur : identifiants incorrects
20-10-2023 09:30:53 C:\Users\TORTOSA\Desktop\decaroliMAJV2\src\dao\DaoAppli.php - Erreur dans DaoAppli : Échec de la connexion utilisateur : identifiants incorrects
20-10-2023 09:33:44 C:\Users\TORTOSA\Desktop\decaroliMAJV2\src\dao\DaoAppli.php - Erreur dans DaoAppli : Échec de la connexion utilisateur : identifiants incorrects
20-10-2023 09:34:50 C:\Users\TORTOSA\Desktop\decaroliMAJV2\src\dao\DaoAppli.php - Erreur dans DaoAppli : Échec de la connexion utilisateur : identifiants incorrects
20-10-2023 09:35:04 C:\Users\TORTOSA\Desktop\decaroliMAJV2\src\dao\DaoAppli.php - Erreur dans DaoAppli : Échec de la connexion utilisateur : identifiants incorrects
20-10-2023 09:35:48 C:\Users\TORTOSA\Desktop\decaroliMAJV2\src\dao\DaoAppli.php - Erreur dans DaoAppli : Échec de la connexion utilisateur : identifiants incorrects
20-10-2023 09:36:00 C:\Users\TORTOSA\Desktop\decaroliMAJV2\src\dao\DaoAppli.php - Erreur dans DaoAppli : Échec de la connexion utilisateur : identifiants incorrects
20-10-2023 09:36:16 C:\Users\TORTOSA\Desktop\decaroliMAJV2\src\dao\DaoAppli.php - Erreur dans DaoAppli : Échec de la connexion utilisateur : identifiants incorrects
20-10-2023 09:36:25 C:\Users\TORTOSA\Desktop\decaroliMAJV2\src\dao\DaoAppli.php - Erreur dans DaoAppli : Échec de la connexion utilisateur : identifiants incorrects
20-10-2023 09:39:21 C:\Users\TORTOSA\Desktop\decaroliMAJV2\src\dao\DaoAppli.php - Erreur dans DaoAppli : Échec de la connexion utilisateur : identifiants incorrects
20-10-2023 09:39:40 C:\Users\TORTOSA\Desktop\decaroliMAJV2\src\dao\DaoAppli.php - Erreur dans DaoAppli : Échec de la connexion utilisateur : identifiants incorrects
20-10-2023 09:39:59 C:\Users\TORTOSA\Desktop\decaroliMAJV2\src\dao\DaoAppli.php - Erreur dans DaoAppli : Échec de la connexion utilisateur : identifiants incorrects
20-10-2023 09:41:25 C:\Users\TORTOSA\Desktop\decaroliMAJV2\src\dao\DaoAppli.php - Erreur dans DaoAppli : Échec de la connexion utilisateur : identifiants incorrects
20-10-2023 10:16:05 C:\Users\TORTOSA\Desktop\decaroliMAJV2\src\dao\DaoAppli.php - Erreur dans DaoAppli : Échec de la connexion utilisateur : identifiants incorrects
20-10-2023 10:16:15 C:\Users\TORTOSA\Desktop\decaroliMAJV2\src\dao\DaoAppli.php - Erreur dans DaoAppli : Échec de la connexion utilisateur : identifiants incorrects
20-10-2023 10:19:42 C:\Users\TORTOSA\Desktop\decaroliMAJV2\src\dao\DaoAppli.php - Erreur dans DaoAppli : Échec de la connexion utilisateur : identifiants incorrects
20-10-2023 10:19:47 C:\Users\TORTOSA\Desktop\decaroliMAJV2\src\dao\DaoAppli.php - Erreur dans DaoAppli : Échec de la connexion utilisateur : identifiants incorrects
20-10-2023 10:20:07 C:\Users\TORTOSA\Desktop\decaroliMAJV2\src\dao\DaoAppli.php - Erreur dans DaoAppli : Échec de la connexion utilisateur : identifiants incorrects
20-10-2023 10:20:15 C:\Users\TORTOSA\Desktop\decaroliMAJV2\src\dao\DaoAppli.php - Erreur dans DaoAppli : Échec de la connexion utilisateur : identifiants incorrects
20-10-2023 10:21:07 C:\Users\TORTOSA\Desktop\decaroliMAJV2\src\dao\DaoAppli.php - Erreur dans DaoAppli : Échec de la connexion utilisateur : identifiants incorrects
20-10-2023 10:22:02 C:\Users\TORTOSA\Desktop\decaroliMAJV2\src\dao\DaoAppli.php - Erreur dans DaoAppli : Échec de la connexion utilisateur : identifiants incorrects
20-10-2023 10:22:06 C:\Users\TORTOSA\Desktop\decaroliMAJV2\src\dao\DaoAppli.php - Erreur dans DaoAppli : Échec de la connexion utilisateur : identifiants incorrects
20-10-2023 10:25:43 C:\Users\TORTOSA\Desktop\decaroliMAJV2\src\dao\DaoAppli.php - Erreur dans DaoAppli : Échec de la connexion utilisateur : identifiants incorrects
20-10-2023 10:26:13 C:\Users\TORTOSA\Desktop\decaroliMAJV2\src\dao\DaoAppli.php - Erreur dans DaoAppli : Échec de la connexion utilisateur : identifiants incorrects
20-10-2023 10:27:59 C:\Users\TORTOSA\Desktop\decaroliMAJV2\src\dao\DaoAppli.php - Erreur dans DaoAppli : Échec de la connexion utilisateur : identifiants incorrects
20-10-2023 10:35:36 C:\Users\TORTOSA\Desktop\decaroliMAJV2\src\dao\DaoAppli.php - Erreur dans DaoAppli : Échec de la connexion utilisateur : identifiants incorrects
20-10-2023 10:35:53 C:\Users\TORTOSA\Desktop\decaroliMAJV2\src\dao\DaoAppli.php - Erreur dans DaoAppli : Échec de la connexion utilisateur : identifiants incorrects
20-10-2023 10:36:01 C:\Users\TORTOSA\Desktop\decaroliMAJV2\src\dao\DaoAppli.php - Erreur dans DaoAppli : Échec de la connexion utilisateur : identifiants incorrects
20-10-2023 10:36:13 C:\Users\TORTOSA\Desktop\decaroliMAJV2\src\dao\DaoAppli.php - Erreur dans DaoAppli : Échec de la connexion utilisateur : identifiants incorrects
20-10-2023 10:36:20 C:\Users\TORTOSA\Desktop\decaroliMAJV2\src\dao\DaoAppli.php - Erreur dans DaoAppli : Échec de la connexion utilisateur : identifiants incorrects
20-10-2023 10:36:27 C:\Users\TORTOSA\Desktop\decaroliMAJV2\src\dao\DaoAppli.php - Erreur dans DaoAppli : Échec de la connexion utilisateur : identifiants incorrects
20-10-2023 10:52:58 C:\Users\TORTOSA\Desktop\decaroliMAJV2\src\dao\DaoAppli.php - Erreur dans DaoAppli : Échec de la connexion utilisateur : identifiants incorrects
20-10-2023 10:53:12 C:\Users\TORTOSA\Desktop\decaroliMAJV2\src\dao\DaoAppli.php - Erreur dans DaoAppli : Échec de la connexion utilisateur : identifiants incorrects
20-10-2023 10:54:22 C:\Users\TORTOSA\Desktop\decaroliMAJV2\src\dao\DaoAppli.php - Erreur dans DaoAppli : Échec de la connexion utilisateur : identifiants incorrects
20-10-2023 12:31:44 C:\Users\TORTOSA\Desktop\decaroliMAJV2\src\dao\DaoAppli.php - Erreur dans DaoAppli : Échec de la connexion utilisateur : identifiants incorrects
20-10-2023 14:49:59 C:\Users\TORTOSA\Desktop\decaroliMAJV2\src\dao\DaoAppli.php - Erreur dans DaoAppli : Échec de la connexion utilisateur : identifiants incorrects
20-10-2023 16:10:14 C:\Users\TORTOSA\Desktop\decaroliMAJV2\src\dao\DaoAppli.php - Erreur dans DaoAppli : Échec de la connexion utilisateur : identifiants incorrects
20-10-2023 16:10:24 C:\Users\TORTOSA\Desktop\decaroliMAJV2\src\dao\DaoAppli.php - Erreur dans DaoAppli : Échec de la connexion utilisateur : identifiants incorrects
20-10-2023 16:32:47 C:\Users\TORTOSA\Desktop\decaroliMAJV2\src\dao\DaoAppli.php - Erreur dans DaoAppli : Échec de la connexion utilisateur : identifiants incorrects
20-10-2023 16:33:09 C:\Users\TORTOSA\Desktop\decaroliMAJV2\src\dao\DaoAppli.php - Erreur dans DaoAppli : Échec de la connexion utilisateur : identifiants incorrects
20-10-2023 16:35:10 C:\Users\TORTOSA\Desktop\decaroliMAJV2\src\dao\DaoAppli.php - Erreur dans DaoAppli : Échec de la connexion utilisateur : identifiants incorrects
20-10-2023 16:35:51 C:\Users\TORTOSA\Desktop\decaroliMAJV2\src\dao\DaoAppli.php - Erreur dans DaoAppli : Échec de la connexion utilisateur : identifiants incorrects
20-10-2023 16:36:16 C:\Users\TORTOSA\Desktop\decaroliMAJV2\src\dao\DaoAppli.php - Erreur dans DaoAppli : Échec de la connexion utilisateur : identifiants incorrects
21-10-2023 01:46:45 C:\Users\TORTOSA\Desktop\decaroliMAJV2\src\dao\DaoAppli.php - Erreur dans DaoAppli : Échec de la connexion utilisateur : identifiants incorrects
21-10-2023 01:46:51 C:\Users\TORTOSA\Desktop\decaroliMAJV2\src\dao\DaoAppli.php - Erreur dans DaoAppli : Échec de la connexion utilisateur : identifiants incorrects
21-10-2023 01:48:27 C:\Users\TORTOSA\Desktop\decaroliMAJV2\src\dao\DaoAppli.php - Erreur dans DaoAppli : Échec de la connexion utilisateur : identifiants incorrects
21-10-2023 01:48:53 C:\Users\TORTOSA\Desktop\decaroliMAJV2\src\dao\DaoAppli.php - Erreur dans DaoAppli : Échec de la connexion utilisateur : identifiants incorrects
21-10-2023 01:49:42 C:\Users\TORTOSA\Desktop\decaroliMAJV2\src\dao\DaoAppli.php - Erreur dans DaoAppli : Échec de la connexion utilisateur : identifiants incorrects
21-10-2023 01:50:06 C:\Users\TORTOSA\Desktop\decaroliMAJV2\src\dao\DaoAppli.php - Erreur dans DaoAppli : Échec de la connexion utilisateur : identifiants incorrects
21-10-2023 01:50:16 C:\Users\TORTOSA\Desktop\decaroliMAJV2\src\dao\DaoAppli.php - Erreur dans DaoAppli : Échec de la connexion utilisateur : identifiants incorrects
21-10-2023 01:50:27 C:\Users\TORTOSA\Desktop\decaroliMAJV2\src\dao\DaoAppli.php - Erreur dans DaoAppli : Échec de la connexion utilisateur : identifiants incorrects
21-10-2023 01:52:24 C:\Users\TORTOSA\Desktop\decaroliMAJV2\src\dao\DaoAppli.php - Erreur dans DaoAppli : Échec de la connexion utilisateur : identifiants incorrects
